<?xml version="1.0" encoding="UTF-8"?>
<!-- Generated by org.testng.reporters.JUnitXMLReporter -->
<testsuite ignored="0" hostname="INLEN8520032205" failures="0" tests="4" name="Test" time="6.747" errors="0" timestamp="2022-06-20T11:22:02 IST">
  <testcase classname="Test.Verifyfakecovergetmethod" name="Testfakecovergetmethod" time="3.316"/>
  <testcase classname="Test.Verifyfakecoverpostmethod" name="Testfakecoverpostmethod" time="1.071"/>
  <testcase classname="Test.Verifyfakecoverputmethod" name="Testfakecoverputmethod" time="1.017"/>
  <testcase classname="Test.Verifyfakecoverdeletemethod" name="Testfakecoverdeletemethod" time="1.291"/>
</testsuite> <!-- Test -->
