<?xml version="1.0" encoding="UTF-8"?>
<testng-results ignored="0" total="4" passed="4" failed="0" skipped="0">
  <reporter-output>
  </reporter-output>
  <suite started-at="2022-06-20T11:21:55 IST" name="Suite" finished-at="2022-06-20T11:22:02 IST" duration-ms="6747">
    <groups>
    </groups>
    <test started-at="2022-06-20T11:21:55 IST" name="Test" finished-at="2022-06-20T11:22:02 IST" duration-ms="6747">
      <class name="Test.Verifyfakecoverpostmethod">
        <test-method signature="Testfakecoverpostmethod()[pri:0, instance:Test.Verifyfakecoverpostmethod@3c73951]" started-at="2022-06-20T11:21:58 IST" name="Testfakecoverpostmethod" finished-at="2022-06-20T11:21:59 IST" duration-ms="1071" status="PASS">
          <reporter-output>
          </reporter-output>
        </test-method> <!-- Testfakecoverpostmethod -->
      </class> <!-- Test.Verifyfakecoverpostmethod -->
      <class name="Test.Verifyfakecoverdeletemethod">
        <test-method signature="Testfakecoverdeletemethod()[pri:0, instance:Test.Verifyfakecoverdeletemethod@6f46426d]" started-at="2022-06-20T11:22:00 IST" name="Testfakecoverdeletemethod" finished-at="2022-06-20T11:22:02 IST" duration-ms="1291" status="PASS">
          <reporter-output>
          </reporter-output>
        </test-method> <!-- Testfakecoverdeletemethod -->
      </class> <!-- Test.Verifyfakecoverdeletemethod -->
      <class name="Test.Verifyfakecovergetmethod">
        <test-method signature="Testfakecovergetmethod()[pri:0, instance:Test.Verifyfakecovergetmethod@793be5ca]" started-at="2022-06-20T11:21:55 IST" name="Testfakecovergetmethod" finished-at="2022-06-20T11:21:58 IST" duration-ms="3316" status="PASS">
          <reporter-output>
          </reporter-output>
        </test-method> <!-- Testfakecovergetmethod -->
      </class> <!-- Test.Verifyfakecovergetmethod -->
      <class name="Test.Verifyfakecoverputmethod">
        <test-method signature="Testfakecoverputmethod()[pri:0, instance:Test.Verifyfakecoverputmethod@3d5c822d]" started-at="2022-06-20T11:21:59 IST" name="Testfakecoverputmethod" finished-at="2022-06-20T11:22:00 IST" duration-ms="1017" status="PASS">
          <reporter-output>
          </reporter-output>
        </test-method> <!-- Testfakecoverputmethod -->
      </class> <!-- Test.Verifyfakecoverputmethod -->
    </test> <!-- Test -->
  </suite> <!-- Suite -->
</testng-results>
